<?xml version="1.0" encoding="utf-8"?><testsuites name="pytest tests"><testsuite name="pytest" errors="0" failures="0" skipped="0" tests="51" time="4.651" timestamp="2026-08-01T04:00:37.553466+00:00" hostname="agent-env-b9b4be44-8c15-4640-86b7-d1c15760e8bd"><testcase classname="tests.test_marketplace.TestBookings" name="test_create_booking_success" time="0.838" /><testcase classname="tests.test_marketplace.TestProviders" name="test_list_providers_sorted" time="0.257" /><testcase classname="tests.test_marketplace.TestProviders" name="test_filter_city" time="0.045" /><testcase classname="tests.test_marketplace.TestProviders" name="test_filter_category_senior_verified" time="0.532" /><testcase classname="tests.test_marketplace.TestProviders" name="test_filter_min_rating_and_q" time="0.047" /><testcase classname="tests.test_marketplace.TestBookings" name="test_create_booking_double_book" time="0.099" /><testcase classname="tests.test_marketplace.TestProviders" name="test_get_provider" time="0.046" /><testcase classname="tests.test_marketplace.TestProviders" name="test_get_provider_404" time="0.046" /><testcase classname="tests.test_marketplace.TestBookings" name="test_create_booking_unknown_provider" time="0.091" /><testcase classname="tests.test_marketplace.TestProviders" name="test_provider_services" time="0.097" /><testcase classname="tests.test_marketplace.TestBookings" name="test_create_booking_non_approved" time="0.059" /><testcase classname="tests.test_phase2.TestAuth" name="test_me_unauth_401" time="0.094" /><testcase classname="tests.test_marketplace.TestBookings" name="test_create_booking_bad_time" time="0.048" /><testcase classname="tests.test_marketplace.TestBookings" name="test_create_booking_too_soon" time="0.049" /><testcase classname="tests.test_phase2.TestAuth" name="test_me_with_bearer" time="0.139" /><testcase classname="tests.test_marketplace.TestBookings" name="test_create_booking_outside_window" time="0.047" /><testcase classname="tests.test_marketplace.TestBookings" name="test_list_bookings_filters_and_enrichment" time="0.049" /><testcase classname="tests.test_marketplace.TestBookings" name="test_update_booking_status" time="0.105" /><testcase classname="tests.test_phase2.TestAuth" name="test_me_with_cookie" time="0.144" /><testcase classname="tests.test_marketplace.TestBookings" name="test_update_booking_status_404" time="0.050" /><testcase classname="tests.test_marketplace.TestAdmin" name="test_pending_queue" time="0.059" /><testcase classname="tests.test_phase2.TestAuth" name="test_session_bad_id" time="0.212" /><testcase classname="tests.test_marketplace.TestAdmin" name="test_toggle_listing" time="0.222" /><testcase classname="tests.test_phase2.TestAuth" name="test_session_missing_id" time="0.044" /><testcase classname="tests.test_phase2.TestAuth" name="test_logout_clears_session" time="0.261" /><testcase classname="tests.test_marketplace.TestAdmin" name="test_approve_pending" time="0.055" /><testcase classname="tests.test_marketplace.TestAdmin" name="test_admin_revenue_weekly" time="0.055" /><testcase classname="tests.test_marketplace.TestAdmin" name="test_admin_revenue_daily" time="0.089" /><testcase classname="tests.test_phase2.TestBookingsStripeSMS" name="test_booking_creates_stripe_and_sms" time="0.593" /><testcase classname="tests.test_phase2.TestRoles" name="test_admin_endpoint_401_unauth" time="0.047" /><testcase classname="tests.test_phase2.TestRoles" name="test_admin_endpoint_403_client" time="0.098" /><testcase classname="tests.test_phase2.TestRoles" name="test_admin_endpoint_200_admin" time="0.397" /><testcase classname="tests.test_phase2.TestBookingsStripeSMS" name="test_payment_status_returns_pending" time="0.152" /><testcase classname="tests.test_phase2.TestRoles" name="test_admin_revenue_admin" time="0.155" /><testcase classname="tests.test_phase2.TestBookingsStripeSMS" name="test_payment_status_404" time="0.043" /><testcase classname="tests.test_marketplace.TestAvailability" name="test_availability_shape" time="0.045" /><testcase classname="tests.test_phase2.TestBookingsStripeSMS" name="test_status_accepted_fires_sms" time="0.050" /><testcase classname="tests.test_marketplace.TestAvailability" name="test_availability_excludes_past_lead" time="0.047" /><testcase classname="tests.test_phase2.TestOpportunities" name="test_alex_opportunities" time="0.047" /><testcase classname="tests.test_marketplace.TestAvailability" name="test_availability_404" time="0.046" /><testcase classname="tests.test_phase2.TestOpportunities" name="test_maya_opportunities" time="0.044" /><testcase classname="tests.test_phase2.TestSelfSignup" name="test_signup_unauth_401" time="0.045" /><testcase classname="tests.test_phase2.TestOpportunities" name="test_opportunities_404" time="0.045" /><testcase classname="tests.test_phase2.TestSelfSignup" name="test_signup_client_creates_pending_provider" time="0.153" /><testcase classname="tests.test_marketplace.TestProviderMgmt" name="test_earnings" time="0.051" /><testcase classname="tests.test_marketplace.TestProviderMgmt" name="test_availability_update_persists" time="0.110" /><testcase classname="tests.test_phase2.TestSelfSignup" name="test_signup_second_time_400" time="0.099" /><testcase classname="tests.test_phase2.TestAnalytics" name="test_search_event_inserts" time="0.224" /><testcase classname="tests.test_phase2.TestDocUpload" name="test_upload_unauth_401" time="0.140" /><testcase classname="tests.test_phase2.TestDocUpload" name="test_upload_with_auth" time="0.485" /><testcase classname="tests.test_phase2.TestOpportunitiesReactToSearches" name="test_opportunities_reflect_new_searches" time="0.668" /></testsuite></testsuites>