<?xml version="1.0" encoding="utf-8"?><testsuites name="pytest tests"><testsuite name="pytest" errors="0" failures="0" skipped="3" tests="23" time="5.164" timestamp="2026-08-01T04:23:56.475355+00:00" hostname="agent-env-b9b4be44-8c15-4640-86b7-d1c15760e8bd"><testcase classname="tests.test_phase3.TestConnect" name="test_onboard_unauth_401" time="0.162" /><testcase classname="tests.test_phase3.TestReviews" name="test_create_review_unauth_401" time="0.161" /><testcase classname="tests.test_phase3.TestConnect" name="test_status_no_account" time="0.105" /><testcase classname="tests.test_phase3.TestReviews" name="test_review_wrong_client_403" time="0.113" /><testcase classname="tests.test_phase3.TestConnect" name="test_onboard_with_admin_creates_account" time="0.375"><skipped type="pytest.skip" message="Stripe Connect not enabled on sandbox account: {&quot;detail&quot;:&quot;Could not start payout onboarding&quot;}">/app/backend/tests/test_phase3.py:198: Stripe Connect not enabled on sandbox account: {"detail":"Could not start payout onboarding"}</skipped></testcase><testcase classname="tests.test_phase3.TestReviews" name="test_review_non_completed_400" time="0.372" /><testcase classname="tests.test_phase3.TestConnect" name="test_status_after_onboard" time="0.001"><skipped type="pytest.skip" message="Skipped because onboard did not run">/app/backend/tests/test_phase3.py:210: Skipped because onboard did not run</skipped></testcase><testcase classname="tests.test_phase3.TestPlanUpgrade" name="test_plan_checkout_unauth_401" time="0.100" /><testcase classname="tests.test_phase3.TestReviews" name="test_review_happy_path_and_duplicate_409" time="0.193" /><testcase classname="tests.test_phase3.TestPlanUpgrade" name="test_plan_checkout_free_400" time="0.101" /><testcase classname="tests.test_phase3.TestReviews" name="test_list_reviews_and_booking_review" time="0.600" /><testcase classname="tests.test_phase3.TestPlanUpgrade" name="test_plan_checkout_pro_success" time="0.634" /><testcase classname="tests.test_phase3.TestCronReminders" name="test_cron_no_auth_401" time="0.101" /><testcase classname="tests.test_phase3.TestPlanUpgrade" name="test_plan_checkout_premium_success" time="0.600" /><testcase classname="tests.test_phase3.TestCronReminders" name="test_cron_bad_bearer_401" time="0.496" /><testcase classname="tests.test_phase3.TestCronReminders" name="test_cron_sends_reminder" time="0.678" /><testcase classname="tests.test_phase3.TestPlanCommission" name="test_alex_free_plan_commission_18pct" time="0.636" /><testcase classname="tests.test_phase3.TestSmsMode" name="test_sms_mode_stub_in_booking" time="1.520" /><testcase classname="tests.test_phase3.TestPlanCommission" name="test_maya_premium_plan_commission_12pct" time="0.691" /><testcase classname="tests.test_phase3.TestPlans" name="test_get_plans_structure" time="0.322" /><testcase classname="tests.test_phase3.TestSeededBookingsIntegrity" name="test_seeded_bookings_have_valid_rates" time="0.002" /><testcase classname="tests.test_phase3.TestSmsMode" name="test_sms_mode_function" time="0.001" /><testcase classname="tests.test_phase3.TestBookingWithConnect" name="test_booking_with_connect_has_application_fee" time="0.191"><skipped type="pytest.skip" message="Stripe Connect not enabled on sandbox: {&quot;detail&quot;:&quot;Could not start payout onboarding&quot;}">/app/backend/tests/test_phase3.py:228: Stripe Connect not enabled on sandbox: {"detail":"Could not start payout onboarding"}</skipped></testcase></testsuite></testsuites>