<?xml version="1.0" encoding="utf-8"?><testsuites name="pytest tests"><testsuite name="pytest" errors="0" failures="0" skipped="0" tests="24" time="4.623" timestamp="2026-08-01T03:58:56.110812+00:00" hostname="agent-env-b9b4be44-8c15-4640-86b7-d1c15760e8bd"><testcase classname="tests.test_phase2.TestRoles" name="test_admin_endpoint_401_unauth" time="0.262" /><testcase classname="tests.test_phase2.TestAuth" name="test_me_unauth_401" time="0.185" /><testcase classname="tests.test_phase2.TestAuth" name="test_me_with_bearer" time="0.143" /><testcase classname="tests.test_phase2.TestRoles" name="test_admin_endpoint_403_client" time="0.101" /><testcase classname="tests.test_phase2.TestAuth" name="test_me_with_cookie" time="0.098" /><testcase classname="tests.test_phase2.TestRoles" name="test_admin_endpoint_200_admin" time="0.103" /><testcase classname="tests.test_phase2.TestAuth" name="test_session_bad_id" time="0.173" /><testcase classname="tests.test_phase2.TestRoles" name="test_admin_revenue_admin" time="0.104" /><testcase classname="tests.test_phase2.TestBookingsStripeSMS" name="test_booking_creates_stripe_and_sms" time="1.649" /><testcase classname="tests.test_phase2.TestAuth" name="test_session_missing_id" time="0.044" /><testcase classname="tests.test_phase2.TestAuth" name="test_logout_clears_session" time="1.757" /><testcase classname="tests.test_phase2.TestBookingsStripeSMS" name="test_payment_status_returns_pending" time="0.177" /><testcase classname="tests.test_phase2.TestBookingsStripeSMS" name="test_payment_status_404" time="0.043" /><testcase classname="tests.test_phase2.TestOpportunities" name="test_alex_opportunities" time="0.047" /><testcase classname="tests.test_phase2.TestBookingsStripeSMS" name="test_status_accepted_fires_sms" time="0.047" /><testcase classname="tests.test_phase2.TestOpportunities" name="test_maya_opportunities" time="0.086" /><testcase classname="tests.test_phase2.TestSelfSignup" name="test_signup_unauth_401" time="0.042" /><testcase classname="tests.test_phase2.TestSelfSignup" name="test_signup_client_creates_pending_provider" time="0.102" /><testcase classname="tests.test_phase2.TestOpportunities" name="test_opportunities_404" time="0.044" /><testcase classname="tests.test_phase2.TestDocUpload" name="test_upload_unauth_401" time="0.098" /><testcase classname="tests.test_phase2.TestSelfSignup" name="test_signup_second_time_400" time="0.095" /><testcase classname="tests.test_phase2.TestDocUpload" name="test_upload_with_auth" time="0.466" /><testcase classname="tests.test_phase2.TestAnalytics" name="test_search_event_inserts" time="0.558" /><testcase classname="tests.test_phase2.TestOpportunitiesReactToSearches" name="test_opportunities_reflect_new_searches" time="0.428" /></testsuite></testsuites>