<?xml version="1.0" encoding="utf-8"?><testsuites name="pytest tests"><testsuite name="pytest" errors="0" failures="1" skipped="0" tests="10" time="4.437" timestamp="2026-07-31T20:53:02.253207+00:00" hostname="agent-env-e4d1ddb4-b164-43d7-91eb-46e2b2f8d698"><testcase classname="tests.test_auth.TestRegister" name="test_register_new_user" time="0.758" /><testcase classname="tests.test_auth.TestLogin" name="test_login_success_seed_user" time="0.500" /><testcase classname="tests.test_auth.TestLogin" name="test_login_wrong_password_401" time="0.519" /><testcase classname="tests.test_auth.TestRegister" name="test_register_duplicate_email_returns_400" time="0.251" /><testcase classname="tests.test_auth.TestRegister" name="test_register_short_password_422" time="0.099" /><testcase classname="tests.test_auth.TestMe" name="test_me_unauth_401" time="0.145" /><testcase classname="tests.test_auth.TestOnboarding" name="test_put_providers_me_completes_onboarding" time="0.609" /><testcase classname="tests.test_auth.TestMe" name="test_me_with_cookies" time="0.544" /><testcase classname="tests.test_auth.TestBruteForce" name="test_lockout_after_5_failures" time="2.139"><failure message="AssertionError: [401, 401, 401, 401, 401, 401]&#10;assert 401 == 429">backend/tests/test_auth.py:134: in test_lockout_after_5_failures
    assert codes[5] == 429, codes
E   AssertionError: [401, 401, 401, 401, 401, 401]
E   assert 401 == 429</failure></testcase><testcase classname="tests.test_auth.TestLogout" name="test_logout_clears_session" time="1.046" /></testsuite></testsuites>